{"logTime": "1129/190044", "correlationVector":"Yd1g584dc5hEI6CrcAxCUS.0","action":"FeedSettingFetch_homeCloud", "result":"0", "context":{}}
{"logTime": "1129/190044", "correlationVector":"Yd1g584dc5hEI6CrcAxCUS.0","action":"SyncServerConnectionManagerRequest", "result":"SYNC_SERVER_OK", "context":{"environment":"", "migrationStage":"", "server":""}}
{"logTime": "1129/190046", "correlationVector":"K/4IX4m50SJvL8Mk+Tx5HV.1","action":"SyncServerConnectionManagerRequest", "result":"SYNC_SERVER_OK", "context":{"environment":"Prod_WestEurope_000l", "migrationStage":"NotStarted", "server":"GENERAL01000022"}}
{"logTime": "1129/190046", "correlationVector":"K/4IX4m50SJvL8Mk+Tx5HV","action":"Initial GetUpdates", "result":"", "context":Reason: NEW_CLIENT. cV=K/4IX4m50SJvL8Mk+Tx5HV}
{"logTime": "1129/190046", "correlationVector":"K/4IX4m50SJvL8Mk+Tx5HV.2","action":"GetUpdates Response", "result":"SYNCER_OK", "context":Received 1 update(s). cV=K/4IX4m50SJvL8Mk+Tx5HV.0;server=GENERAL01000022;cloudType=Consumer;environment=Prod_WestEurope_000l;migrationStage=NotStarted}
{"logTime": "1129/190046", "correlationVector":"SyNN4HTbgLHdkAUXXoNMt9","action":"Initial GetUpdates", "result":"", "context":Reason: NEW_CLIENT. cV=SyNN4HTbgLHdkAUXXoNMt9}
{"logTime": "1129/190047", "correlationVector":"SyNN4HTbgLHdkAUXXoNMt9.1","action":"SyncServerConnectionManagerRequest", "result":"SYNC_SERVER_OK", "context":{"environment":"Prod_WestEurope_000l", "migrationStage":"NotStarted", "server":"GENERAL01000022"}}
{"logTime": "1129/190047", "correlationVector":"SyNN4HTbgLHdkAUXXoNMt9.2","action":"GetUpdates Response", "result":"SYNCER_OK", "context":Received 12 update(s). cV=SyNN4HTbgLHdkAUXXoNMt9.0;server=GENERAL01000022;cloudType=Consumer;environment=Prod_WestEurope_000l;migrationStage=NotStarted}
{"logTime": "1129/190047", "correlationVector":"ksDBKBPWmsjrZfM6B/b56o","action":"Normal GetUpdate request", "result":"", "context":cV=ksDBKBPWmsjrZfM6B/b56o
Nudged types: Device Info, User Consents
Refresh requested types: Device Info, User Consents, Send Tab To Self, Encryption Keys}
{"logTime": "1129/190048", "correlationVector":"ksDBKBPWmsjrZfM6B/b56o.1","action":"SyncServerConnectionManagerRequest", "result":"SYNC_SERVER_OK", "context":{"environment":"Prod_WestEurope_000l", "migrationStage":"NotStarted", "server":"GENERAL01000025"}}
{"logTime": "1129/190048", "correlationVector":"ksDBKBPWmsjrZfM6B/b56o.2","action":"GetUpdates Response", "result":"SYNCER_OK", "context":Received 0 update(s). cV=ksDBKBPWmsjrZfM6B/b56o.0;server=GENERAL01000025;cloudType=Consumer;environment=Prod_WestEurope_000l;migrationStage=NotStarted}
{"logTime": "1129/190048", "correlationVector":"9xsaRzGnoMs0GEHpO8LvOq","action":"Commit Request", "result":"", "context":Item count: 1
Contributing types: Device Info}
{"logTime": "1129/190049", "correlationVector":"9xsaRzGnoMs0GEHpO8LvOq.1","action":"SyncServerConnectionManagerRequest", "result":"SYNC_SERVER_OK", "context":{"environment":"Prod_WestEurope_000l", "migrationStage":"NotStarted", "server":"GENERAL0100000P"}}
{"logTime": "1129/190049", "correlationVector":"9xsaRzGnoMs0GEHpO8LvOq.2","action":"Commit Response", "result":"SYNCER_OK", "context":Result: SYNCER_OK. cV=9xsaRzGnoMs0GEHpO8LvOq.0;server=GENERAL0100000P;cloudType=Consumer;environment=Prod_WestEurope_000l;migrationStage=NotStarted}
{"logTime": "1129/190049", "correlationVector":"7tR4K7x4xTjBL7xPufSXoR","action":"Commit Request", "result":"", "context":Item count: 2
Contributing types: User Consents}
{"logTime": "1129/190051", "correlationVector":"7tR4K7x4xTjBL7xPufSXoR.1","action":"SyncServerConnectionManagerRequest", "result":"SYNC_SERVER_OK", "context":{"environment":"Prod_NorthEurope_000h", "migrationStage":"NotStarted", "server":"GENERAL01000001"}}
{"logTime": "1129/190051", "correlationVector":"7tR4K7x4xTjBL7xPufSXoR.2","action":"Commit Response", "result":"SYNCER_OK", "context":Result: SYNCER_OK. cV=7tR4K7x4xTjBL7xPufSXoR.0;server=GENERAL01000001;cloudType=Consumer;environment=Prod_NorthEurope_000h;migrationStage=NotStarted}
{"logTime": "1129/190051", "correlationVector":"a+IxgE5GNSsO1UOI+v5M0P","action":"Normal GetUpdate request", "result":"", "context":cV=a+IxgE5GNSsO1UOI+v5M0P
Nudged types: Device Info}
{"logTime": "1129/190051", "correlationVector":"a+IxgE5GNSsO1UOI+v5M0P.1","action":"SyncServerConnectionManagerRequest", "result":"SYNC_SERVER_OK", "context":{"environment":"Prod_WestEurope_000l", "migrationStage":"NotStarted", "server":"GENERAL0100000R"}}
{"logTime": "1129/190051", "correlationVector":"a+IxgE5GNSsO1UOI+v5M0P.2","action":"GetUpdates Response", "result":"SYNCER_OK", "context":Received 1 update(s). cV=a+IxgE5GNSsO1UOI+v5M0P.0;server=GENERAL0100000R;cloudType=Consumer;environment=Prod_WestEurope_000l;migrationStage=NotStarted}
{"logTime": "1129/190117", "correlationVector":"HX5EzMy5W/YcNOiiubWFSb","action":"Initial GetUpdates", "result":"", "context":Reason: RECONFIGURATION. cV=HX5EzMy5W/YcNOiiubWFSb}
{"logTime": "1129/190120", "correlationVector":"HX5EzMy5W/YcNOiiubWFSb.1","action":"SyncServerConnectionManagerRequest", "result":"SYNC_SERVER_OK", "context":{"environment":"Prod_WestEurope_000l", "migrationStage":"NotStarted", "server":"GENERAL01000022"}}
{"logTime": "1129/190120", "correlationVector":"HX5EzMy5W/YcNOiiubWFSb.2","action":"GetUpdates", "result":"DeleteReceived", "context":{"id":"be0f3ae9-a976-4653-96aa-bcd5afbddacb", "isDeleted:":"true", "version":"1691197307405"}}
{"logTime": "1129/190120", "correlationVector":"HX5EzMy5W/YcNOiiubWFSb.3","action":"GetUpdates Response", "result":"SERVER_MORE_TO_DOWNLOAD", "context":Received 250 update(s).  Some updates remain.}
{"logTime": "1129/190120", "correlationVector":"N123aQPhttB5TwVJgCaq50","action":"Initial GetUpdates", "result":"", "context":Reason: RECONFIGURATION. cV=N123aQPhttB5TwVJgCaq50}
{"logTime": "1129/190122", "correlationVector":"N123aQPhttB5TwVJgCaq50.1","action":"SyncServerConnectionManagerRequest", "result":"SYNC_SERVER_OK", "context":{"environment":"Prod_WestEurope_000l", "migrationStage":"NotStarted", "server":"GENERAL01000004"}}
{"logTime": "1129/190122", "correlationVector":"N123aQPhttB5TwVJgCaq50.2","action":"GetUpdates Response", "result":"SERVER_MORE_TO_DOWNLOAD", "context":Received 250 update(s).  Some updates remain.}
{"logTime": "1129/190122", "correlationVector":"LV685q6EZingEBuvvC1ubn","action":"Initial GetUpdates", "result":"", "context":Reason: RECONFIGURATION. cV=LV685q6EZingEBuvvC1ubn}
{"logTime": "1129/190124", "correlationVector":"LV685q6EZingEBuvvC1ubn.1","action":"SyncServerConnectionManagerRequest", "result":"SYNC_SERVER_OK", "context":{"environment":"Prod_WestEurope_000l", "migrationStage":"NotStarted", "server":"GENERAL01000000"}}
{"logTime": "1129/190124", "correlationVector":"LV685q6EZingEBuvvC1ubn.2","action":"GetUpdates Response", "result":"SERVER_MORE_TO_DOWNLOAD", "context":Received 250 update(s).  Some updates remain.}
{"logTime": "1129/190124", "correlationVector":"7zj4cqqf40u9sCKvaeYOxK","action":"Initial GetUpdates", "result":"", "context":Reason: RECONFIGURATION. cV=7zj4cqqf40u9sCKvaeYOxK}
{"logTime": "1129/190125", "correlationVector":"7zj4cqqf40u9sCKvaeYOxK.1","action":"SyncServerConnectionManagerRequest", "result":"SYNC_SERVER_OK", "context":{"environment":"Prod_WestEurope_000l", "migrationStage":"NotStarted", "server":"GENERAL01000018"}}
{"logTime": "1129/190125", "correlationVector":"7zj4cqqf40u9sCKvaeYOxK.2","action":"GetUpdates Response", "result":"SYNCER_OK", "context":Received 174 update(s). cV=7zj4cqqf40u9sCKvaeYOxK.0;server=GENERAL01000018;cloudType=Consumer;environment=Prod_WestEurope_000l;migrationStage=NotStarted}
{"logTime": "1129/190125", "correlationVector":"7K5folrj6Xwln9dWavd2aM","action":"Initial GetUpdates", "result":"", "context":Reason: RECONFIGURATION. cV=7K5folrj6Xwln9dWavd2aM}
{"logTime": "1129/190127", "correlationVector":"7K5folrj6Xwln9dWavd2aM.1","action":"SyncServerConnectionManagerRequest", "result":"SYNC_SERVER_OK", "context":{"environment":"Prod_WestEurope_000l", "migrationStage":"NotStarted", "server":"GENERAL0100000I"}}
{"logTime": "1129/190127", "correlationVector":"7K5folrj6Xwln9dWavd2aM.2","action":"GetUpdates Response", "result":"SYNCER_OK", "context":Received 246 update(s). cV=7K5folrj6Xwln9dWavd2aM.0;server=GENERAL0100000I;cloudType=Consumer;environment=Prod_WestEurope_000l;migrationStage=NotStarted}
{"logTime": "1129/190127", "correlationVector":"8bdLYSfewRdBZ4r+2Yv7cG","action":"Initial GetUpdates", "result":"", "context":Reason: RECONFIGURATION. cV=8bdLYSfewRdBZ4r+2Yv7cG}
{"logTime": "1129/190128", "correlationVector":"8bdLYSfewRdBZ4r+2Yv7cG.1","action":"SyncServerConnectionManagerRequest", "result":"SYNC_SERVER_OK", "context":{"environment":"Prod_WestEurope_000l", "migrationStage":"NotStarted", "server":"GENERAL01000018"}}
{"logTime": "1129/190128", "correlationVector":"8bdLYSfewRdBZ4r+2Yv7cG.2","action":"GetUpdates", "result":"DeleteReceived", "context":{"id":"7803887f-8d06-4064-bbb0-7fda812a8c2a", "isDeleted:":"true", "version":"1695897274650"}}
{"logTime": "1129/190128", "correlationVector":"8bdLYSfewRdBZ4r+2Yv7cG.3","action":"GetUpdates", "result":"DeleteReceived", "context":{"id":"f0f227f6-dff3-4c18-83b2-9015ebed7c8a", "isDeleted:":"true", "version":"1695897274651"}}
{"logTime": "1129/190129", "correlationVector":"8bdLYSfewRdBZ4r+2Yv7cG.4","action":"GetUpdates", "result":"DeleteReceived", "context":{"id":"b9a47a89-d2bc-4b59-ad01-3e4662a20041", "isDeleted:":"true", "version":"1695897274653"}}
{"logTime": "1129/190129", "correlationVector":"8bdLYSfewRdBZ4r+2Yv7cG.5","action":"GetUpdates", "result":"DeleteReceived", "context":{"id":"fafa3ebc-1d7f-436a-a455-4a38d758f773", "isDeleted:":"true", "version":"1695897274654"}}
{"logTime": "1129/190129", "correlationVector":"8bdLYSfewRdBZ4r+2Yv7cG.6","action":"GetUpdates", "result":"DeleteReceived", "context":{"id":"93c75bc1-0ada-46e4-951c-0e09d2a45963", "isDeleted:":"true", "version":"1695897274655"}}
{"logTime": "1129/190129", "correlationVector":"8bdLYSfewRdBZ4r+2Yv7cG.7","action":"GetUpdates", "result":"DeleteReceived", "context":{"id":"3012b5c4-88e5-4976-809a-33f1e81059fb", "isDeleted:":"true", "version":"1695897274656"}}
{"logTime": "1129/190129", "correlationVector":"8bdLYSfewRdBZ4r+2Yv7cG.8","action":"GetUpdates", "result":"DeleteReceived", "context":{"id":"16ba755e-2c32-4ddd-b5b5-f912d12e8cf6", "isDeleted:":"true", "version":"1695900761604"}}
{"logTime": "1129/190129", "correlationVector":"8bdLYSfewRdBZ4r+2Yv7cG.9","action":"GetUpdates", "result":"DeleteReceived", "context":{"id":"bb905088-3d0b-40d8-b010-914d07151387", "isDeleted:":"true", "version":"1697479082377"}}
{"logTime": "1129/190129", "correlationVector":"8bdLYSfewRdBZ4r+2Yv7cG.10","action":"GetUpdates", "result":"DeleteReceived", "context":{"id":"526e0d39-2a2f-4d23-a28c-bb818ac32131", "isDeleted:":"true", "version":"1697479082381"}}
{"logTime": "1129/190129", "correlationVector":"8bdLYSfewRdBZ4r+2Yv7cG.11","action":"GetUpdates", "result":"DeleteReceived", "context":{"id":"c6358725-fcd9-4e8e-8cea-fafc7361f59d", "isDeleted:":"true", "version":"1699245738787"}}
{"logTime": "1129/190129", "correlationVector":"8bdLYSfewRdBZ4r+2Yv7cG.12","action":"GetUpdates", "result":"DeleteReceived", "context":{"id":"6e76bdbb-c964-41c4-99e3-14b4c052f741", "isDeleted:":"true", "version":"1699245738788"}}
{"logTime": "1129/190129", "correlationVector":"8bdLYSfewRdBZ4r+2Yv7cG.13","action":"GetUpdates", "result":"DeleteReceived", "context":{"id":"2d9817c4-03c4-4f0c-9302-80572f98b5c2", "isDeleted:":"true", "version":"1699245738792"}}
{"logTime": "1129/190129", "correlationVector":"8bdLYSfewRdBZ4r+2Yv7cG.14","action":"GetUpdates", "result":"DeleteReceived", "context":{"id":"d0b1ba22-cbea-4df4-80ad-d9de26eb0654", "isDeleted:":"true", "version":"1699245738795"}}
{"logTime": "1129/190129", "correlationVector":"8bdLYSfewRdBZ4r+2Yv7cG.15","action":"GetUpdates", "result":"DeleteReceived", "context":{"id":"3cb38d54-509f-42e9-92b4-582cec4627d0", "isDeleted:":"true", "version":"1699865067810"}}
{"logTime": "1129/190129", "correlationVector":"8bdLYSfewRdBZ4r+2Yv7cG.16","action":"GetUpdates", "result":"DeleteReceived", "context":{"id":"24cbec4d-bd26-44b2-96a2-5d1c3f69f96e", "isDeleted:":"true", "version":"1699865067814"}}
{"logTime": "1129/190129", "correlationVector":"8bdLYSfewRdBZ4r+2Yv7cG.17","action":"GetUpdates", "result":"DeleteReceived", "context":{"id":"1fa8b202-d4cf-4fa2-8c59-9726dd8d6885", "isDeleted:":"true", "version":"1699865067817"}}
{"logTime": "1129/190129", "correlationVector":"8bdLYSfewRdBZ4r+2Yv7cG.18","action":"GetUpdates", "result":"DeleteReceived", "context":{"id":"75a59dd4-071d-49ba-9ab0-243bab3462f0", "isDeleted:":"true", "version":"1700767866962"}}
{"logTime": "1129/190129", "correlationVector":"8bdLYSfewRdBZ4r+2Yv7cG.19","action":"GetUpdates", "result":"DeleteReceived", "context":{"id":"365080b6-277f-4417-80cb-382cc7bcbc3c", "isDeleted:":"true", "version":"1700767866963"}}
{"logTime": "1129/190129", "correlationVector":"8bdLYSfewRdBZ4r+2Yv7cG.20","action":"GetUpdates", "result":"DeleteReceived", "context":{"id":"8aab42d0-bf28-410d-ac8f-f7891c4b37dc", "isDeleted:":"true", "version":"1700767866967"}}
{"logTime": "1129/190129", "correlationVector":"8bdLYSfewRdBZ4r+2Yv7cG.21","action":"GetUpdates", "result":"DeleteReceived", "context":{"id":"985391f2-d8c6-4b84-8f4b-b8de6c11e778", "isDeleted:":"true", "version":"1700767866968"}}
{"logTime": "1129/190129", "correlationVector":"8bdLYSfewRdBZ4r+2Yv7cG.22","action":"GetUpdates", "result":"DeleteReceived", "context":{"id":"b6fd0117-df85-4f62-b550-80484db2b13d", "isDeleted:":"true", "version":"1700767866970"}}
{"logTime": "1129/190129", "correlationVector":"8bdLYSfewRdBZ4r+2Yv7cG.23","action":"GetUpdates", "result":"DeleteReceived", "context":{"id":"de405eca-a7aa-48d0-9fd0-7c9862efbc70", "isDeleted:":"true", "version":"1700767866972"}}
{"logTime": "1129/190129", "correlationVector":"8bdLYSfewRdBZ4r+2Yv7cG.24","action":"GetUpdates", "result":"DeleteReceived", "context":{"id":"2a0b74ba-363c-4b49-8e88-e012074cc2c0", "isDeleted:":"true", "version":"1700767988062"}}
{"logTime": "1129/190129", "correlationVector":"8bdLYSfewRdBZ4r+2Yv7cG.25","action":"GetUpdates", "result":"DeleteReceived", "context":{"id":"4a8a6d3f-44b9-4022-b46a-e553f736ac92", "isDeleted:":"true", "version":"1700767988064"}}
{"logTime": "1129/190129", "correlationVector":"8bdLYSfewRdBZ4r+2Yv7cG.26","action":"GetUpdates", "result":"DeleteReceived", "context":{"id":"f22663ce-5922-4180-b838-45d1a867ca2c", "isDeleted:":"true", "version":"1700767988065"}}
{"logTime": "1129/190129", "correlationVector":"8bdLYSfewRdBZ4r+2Yv7cG.27","action":"GetUpdates", "result":"DeleteReceived", "context":{"id":"a0a15549-6952-47f4-b701-5a2cef993109", "isDeleted:":"true", "version":"1700767988068"}}
{"logTime": "1129/190129", "correlationVector":"8bdLYSfewRdBZ4r+2Yv7cG.28","action":"GetUpdates", "result":"DeleteReceived", "context":{"id":"b4cb61bc-c411-4016-8414-f02b67fbc03e", "isDeleted:":"true", "version":"1700767988069"}}
{"logTime": "1129/190129", "correlationVector":"8bdLYSfewRdBZ4r+2Yv7cG.29","action":"GetUpdates", "result":"DeleteReceived", "context":{"id":"84802345-eda1-4225-bd31-51e1ccd19bc7", "isDeleted:":"true", "version":"1700767988072"}}
{"logTime": "1129/190129", "correlationVector":"8bdLYSfewRdBZ4r+2Yv7cG.30","action":"GetUpdates", "result":"DeleteReceived", "context":{"id":"8de35227-b8de-4e3c-a05f-313cda4ca40a", "isDeleted:":"true", "version":"1700978734263"}}
{"logTime": "1129/190129", "correlationVector":"8bdLYSfewRdBZ4r+2Yv7cG.31","action":"GetUpdates", "result":"DeleteReceived", "context":{"id":"123c519a-0213-40b3-80f7-3ad50588fe51", "isDeleted:":"true", "version":"1700978734264"}}
{"logTime": "1129/190129", "correlationVector":"8bdLYSfewRdBZ4r+2Yv7cG.32","action":"GetUpdates", "result":"DeleteReceived", "context":{"id":"f220c401-a6df-4751-ac7c-0290d69e8077", "isDeleted:":"true", "version":"1700978734267"}}
{"logTime": "1129/190129", "correlationVector":"8bdLYSfewRdBZ4r+2Yv7cG.33","action":"GetUpdates", "result":"DeleteReceived", "context":{"id":"3c86c496-e4f4-4628-a09d-0b8f5b967eb2", "isDeleted:":"true", "version":"1700978734268"}}
{"logTime": "1129/190129", "correlationVector":"8bdLYSfewRdBZ4r+2Yv7cG.34","action":"GetUpdates", "result":"DeleteReceived", "context":{"id":"ba8eb727-fa75-4092-9190-a5aaadff17e1", "isDeleted:":"true", "version":"1700978734269"}}
{"logTime": "1129/190129", "correlationVector":"8bdLYSfewRdBZ4r+2Yv7cG.35","action":"GetUpdates", "result":"DeleteReceived", "context":{"id":"d12aafb8-1b5c-44f4-9885-a11a0d4a6223", "isDeleted:":"true", "version":"1701085469963"}}
{"logTime": "1129/190129", "correlationVector":"8bdLYSfewRdBZ4r+2Yv7cG.36","action":"GetUpdates Response", "result":"SYNCER_OK", "context":Received 111 update(s). cV=8bdLYSfewRdBZ4r+2Yv7cG.0;server=GENERAL01000018;cloudType=Consumer;environment=Prod_WestEurope_000l;migrationStage=NotStarted}
{"logTime": "1129/190129", "correlationVector":"gIRvlQdQy3o+2ksgEDDVae","action":"Normal GetUpdate request", "result":"", "context":cV=gIRvlQdQy3o+2ksgEDDVae
Nudged types: Bookmarks, Preferences, Passwords, Sessions, Device Info
Refresh requested types: Bookmarks, Preferences, Passwords, Autofill Profiles, Autofill, Autofill Custom Data, Typed URLs, Extensions, Sessions, Extension settings, History Delete Directives, Device Info, User Consents, Send Tab To Self, Web Apps, Collection, Edge E Drop, Edge Hub App Usage, Edge Wallet, Encryption Keys}
{"logTime": "1129/190129", "correlationVector":"gIRvlQdQy3o+2ksgEDDVae.1","action":"SyncServerConnectionManagerRequest", "result":"SYNC_SERVER_OK", "context":{"environment":"Prod_WestEurope_000l", "migrationStage":"NotStarted", "server":"GENERAL01000022"}}
{"logTime": "1129/190129", "correlationVector":"gIRvlQdQy3o+2ksgEDDVae.2","action":"GetUpdates Response", "result":"SYNCER_OK", "context":Received 0 update(s). cV=gIRvlQdQy3o+2ksgEDDVae.0;server=GENERAL01000022;cloudType=Consumer;environment=Prod_WestEurope_000l;migrationStage=NotStarted}
{"logTime": "1129/190129", "correlationVector":"rOwRddWn9B9quGy8eOcTVU","action":"Commit Request", "result":"", "context":Item count: 2
Contributing types: Passwords, Device Info}
{"logTime": "1129/190131", "correlationVector":"rOwRddWn9B9quGy8eOcTVU.1","action":"SyncServerConnectionManagerRequest", "result":"SYNC_SERVER_OK", "context":{"environment":"Prod_WestEurope_000l", "migrationStage":"NotStarted", "server":"GENERAL0100000R"}}
{"logTime": "1129/190131", "correlationVector":"rOwRddWn9B9quGy8eOcTVU.2","action":"Commit Response", "result":"SYNCER_OK", "context":Result: SYNCER_OK. cV=rOwRddWn9B9quGy8eOcTVU.0;server=GENERAL0100000R;cloudType=Consumer;environment=Prod_WestEurope_000l;migrationStage=NotStarted}
{"logTime": "1129/190131", "correlationVector":"TVK2LdDx+ZhvVaRhwXhekq","action":"Commit Request", "result":"", "context":Item count: 16
Contributing types: Bookmarks, Preferences, Sessions}
{"logTime": "1129/190133", "correlationVector":"TVK2LdDx+ZhvVaRhwXhekq.1","action":"SyncServerConnectionManagerRequest", "result":"SYNC_SERVER_OK", "context":{"environment":"Prod_NorthEurope_000h", "migrationStage":"NotStarted", "server":"GENERAL0100000P"}}
{"logTime": "1129/190133", "correlationVector":"TVK2LdDx+ZhvVaRhwXhekq.2","action":"Commit Response", "result":"SYNCER_OK", "context":Result: SYNCER_OK. cV=TVK2LdDx+ZhvVaRhwXhekq.0;server=GENERAL0100000P;cloudType=Consumer;environment=Prod_NorthEurope_000h;migrationStage=NotStarted}
